2026-04-27T13:17:21.873Z	Initializing build environment...
2026-04-27T13:17:23.743Z	Success: Finished initializing build environment
2026-04-27T13:17:24.545Z	Cloning repository...
2026-04-27T13:17:26.078Z	Restoring from dependencies cache
2026-04-27T13:17:26.082Z	Restoring from build output cache
2026-04-27T13:17:26.086Z	Detected the following tools from environment: npm@10.9.2, nodejs@22.16.0
2026-04-27T13:17:26.227Z	Installing project dependencies: npm clean-install --progress=false
2026-04-27T13:17:37.851Z	
2026-04-27T13:17:37.851Z	added 259 packages, and audited 260 packages in 11s
2026-04-27T13:17:37.852Z	
2026-04-27T13:17:37.852Z	138 packages are looking for funding
2026-04-27T13:17:37.852Z	  run `npm fund` for details
2026-04-27T13:17:37.920Z	
2026-04-27T13:17:37.920Z	3 vulnerabilities (1 moderate, 2 high)
2026-04-27T13:17:37.921Z	
2026-04-27T13:17:37.921Z	To address all issues (including breaking changes), run:
2026-04-27T13:17:37.921Z	  npm audit fix --force
2026-04-27T13:17:37.922Z	
2026-04-27T13:17:37.922Z	Run `npm audit` for details.
2026-04-27T13:17:38.147Z	Executing user build command: npm run build
2026-04-27T13:17:38.497Z	
2026-04-27T13:17:38.498Z	> firmenkundenakademie-online-akademie@0.1.0 build
2026-04-27T13:17:38.498Z	> next build
2026-04-27T13:17:38.498Z	
2026-04-27T13:17:39.279Z	⚠ No build cache found. Please configure build caching for faster rebuilds. Read more: https://nextjs.org/docs/messages/no-cache
2026-04-27T13:17:39.288Z	Attention: Next.js now collects completely anonymous telemetry regarding usage.
2026-04-27T13:17:39.288Z	This information is used to shape Next.js' roadmap and prioritize features.
2026-04-27T13:17:39.288Z	You can learn more, including how to opt-out if you'd not like to participate in this anonymous program, by visiting the following URL:
2026-04-27T13:17:39.288Z	https://nextjs.org/telemetry
2026-04-27T13:17:39.288Z	
2026-04-27T13:17:39.363Z	  ▲ Next.js 14.2.35
2026-04-27T13:17:39.363Z	
2026-04-27T13:17:39.437Z	   Creating an optimized production build ...
2026-04-27T13:17:55.157Z	 ✓ Compiled successfully
2026-04-27T13:17:55.157Z	   Linting and checking validity of types ...
2026-04-27T13:17:58.798Z	   Collecting page data ...
2026-04-27T13:18:00.482Z	   Generating static pages (0/37) ...
2026-04-27T13:18:01.056Z	   Generating static pages (9/37) 
2026-04-27T13:18:03.274Z	   Generating static pages (18/37) 
2026-04-27T13:18:05.709Z	   Generating static pages (27/37) 
2026-04-27T13:18:08.503Z	 ✓ Generating static pages (37/37)
2026-04-27T13:18:08.738Z	   Finalizing page optimization ...
2026-04-27T13:18:08.738Z	   Collecting build traces ...
2026-04-27T13:18:12.516Z	
2026-04-27T13:18:12.536Z	Route (app)                                             Size     First Load JS
2026-04-27T13:18:12.536Z	┌ ○ /                                                   180 B          96.2 kB
2026-04-27T13:18:12.536Z	├ ○ /_not-found                                         873 B          88.2 kB
2026-04-27T13:18:12.536Z	├ ○ /datenschutz                                        146 B          87.5 kB
2026-04-27T13:18:12.536Z	├ ○ /impressum                                          146 B          87.5 kB
2026-04-27T13:18:12.536Z	├ ● /kompetenzfeld/[slug]                               180 B          96.2 kB
2026-04-27T13:18:12.536Z	├   ├ /kompetenzfeld/finanzanalyse
2026-04-27T13:18:12.536Z	├   ├ /kompetenzfeld/finanzanalyse-und-kreditexpertise
2026-04-27T13:18:12.536Z	├   ├ /kompetenzfeld/branchenwissen
2026-04-27T13:18:12.536Z	├   └ [+4 more paths]
2026-04-27T13:18:12.536Z	├ ○ /kompetenzmodell                                    4.39 kB        91.8 kB
2026-04-27T13:18:12.537Z	├ ○ /login                                              146 B          87.5 kB
2026-04-27T13:18:12.537Z	├ ○ /module                                             2.04 kB        98.1 kB
2026-04-27T13:18:12.537Z	└ ● /module/[id]                                        180 B          96.2 kB
2026-04-27T13:18:12.537Z	    ├ /module/M01
2026-04-27T13:18:12.537Z	    ├ /module/M02
2026-04-27T13:18:12.537Z	    ├ /module/M03
2026-04-27T13:18:12.537Z	    └ [+18 more paths]
2026-04-27T13:18:12.538Z	+ First Load JS shared by all                           87.4 kB
2026-04-27T13:18:12.539Z	  ├ chunks/117-296a35f9ccea5534.js                      31.8 kB
2026-04-27T13:18:12.540Z	  ├ chunks/fd9d1056-3eee857bde8f3b06.js                 53.6 kB
2026-04-27T13:18:12.541Z	  └ other shared chunks (total)                         1.89 kB
2026-04-27T13:18:12.542Z	
2026-04-27T13:18:12.542Z	
2026-04-27T13:18:12.545Z	○  (Static)  prerendered as static content
2026-04-27T13:18:12.545Z	●  (SSG)     prerendered as static HTML (uses getStaticProps)
2026-04-27T13:18:12.545Z	
2026-04-27T13:18:12.605Z	Success: Build command completed
2026-04-27T13:18:12.756Z	Executing user deploy command: npx wrangler deploy
2026-04-27T13:18:14.163Z	npm warn exec The following package was not found and will be installed: wrangler@4.85.0
2026-04-27T13:18:25.458Z	
2026-04-27T13:18:25.459Z	 ⛅️ wrangler 4.85.0
2026-04-27T13:18:25.459Z	───────────────────
2026-04-27T13:18:25.971Z	
2026-04-27T13:18:25.973Z	Detected Project Settings:
2026-04-27T13:18:25.973Z	 - Worker Name: fkakademie
2026-04-27T13:18:25.973Z	 - Framework: Next.js
2026-04-27T13:18:25.973Z	 - Build Command: npm run build
2026-04-27T13:18:25.973Z	 - Output Directory: .next
2026-04-27T13:18:25.974Z	
2026-04-27T13:18:25.974Z	? Do you want to modify these settings?
2026-04-27T13:18:25.974Z	🤖 Using fallback value in non-interactive context: no
2026-04-27T13:18:25.977Z	
2026-04-27T13:18:25.977Z	📦 Install packages:
2026-04-27T13:18:25.977Z	 - wrangler (devDependency)
2026-04-27T13:18:25.977Z	
2026-04-27T13:18:25.978Z	📝 Update package.json scripts:
2026-04-27T13:18:25.978Z	 - "deploy": "opennextjs-cloudflare build && opennextjs-cloudflare deploy"
2026-04-27T13:18:25.978Z	 - "preview": "opennextjs-cloudflare build && opennextjs-cloudflare preview"
2026-04-27T13:18:25.978Z	
2026-04-27T13:18:25.978Z	📄 Create wrangler.jsonc:
2026-04-27T13:18:25.979Z	  {
2026-04-27T13:18:25.979Z	    "$schema": "node_modules/wrangler/config-schema.json",
2026-04-27T13:18:25.979Z	    "name": "fkakademie",
2026-04-27T13:18:25.979Z	    "compatibility_date": "2026-04-27",
2026-04-27T13:18:25.979Z	    "observability": {
2026-04-27T13:18:25.979Z	      "enabled": true
2026-04-27T13:18:25.979Z	    },
2026-04-27T13:18:25.980Z	    "compatibility_flags": [
2026-04-27T13:18:25.980Z	      "nodejs_compat"
2026-04-27T13:18:25.980Z	    ]
2026-04-27T13:18:25.980Z	  }
2026-04-27T13:18:25.980Z	
2026-04-27T13:18:25.980Z	🛠️  Configuring project for Next.js with OpenNext by running `@opennextjs/cloudflare migrate`
2026-04-27T13:18:25.981Z	
2026-04-27T13:18:25.981Z	? Proceed with setup?
2026-04-27T13:18:25.982Z	🤖 Using fallback value in non-interactive context: yes
2026-04-27T13:18:33.233Z	npm warn exec The following package was not found and will be installed: @opennextjs/cloudflare@1.19.4
2026-04-27T13:18:56.622Z	npm warn deprecated node-domexception@1.0.0: Use your platform's native DOMException instead
2026-04-27T13:18:57.512Z	npm warn deprecated glob@9.3.5: Old versions of glob are not supported, and contain widely publicized security vulnerabilities, which have been fixed in the current version. Please update. Support for old versions may be purchased (at exorbitant rates) by contacting i@izs.me
2026-04-27T13:19:10.442Z	
2026-04-27T13:19:10.442Z	┌───────────────────────────────┐
2026-04-27T13:19:10.442Z	│ OpenNext — Cloudflare migrate │
2026-04-27T13:19:10.442Z	└───────────────────────────────┘
2026-04-27T13:19:10.442Z	
2026-04-27T13:19:10.442Z	🚀 Setting up the OpenNext Cloudflare adapter...
2026-04-27T13:19:10.442Z	
2026-04-27T13:19:10.455Z	⚙️  Installing dependencies...
2026-04-27T13:19:10.455Z	
2026-04-27T13:19:10.645Z	npm warn using --force Recommended protections disabled.
2026-04-27T13:19:14.136Z	npm warn ERESOLVE overriding peer dependency
2026-04-27T13:19:14.149Z	npm warn ERESOLVE overriding peer dependency
2026-04-27T13:19:14.149Z	npm warn While resolving: @opennextjs/cloudflare@1.19.4
2026-04-27T13:19:14.150Z	npm warn Found: next@14.2.35
2026-04-27T13:19:14.150Z	npm warn node_modules/next
2026-04-27T13:19:14.150Z	npm warn   peer next@">=15.5.15 <16 || >=16.2.3" from @opennextjs/aws@3.10.4
2026-04-27T13:19:14.150Z	npm warn   node_modules/@opennextjs/cloudflare/node_modules/@opennextjs/aws
2026-04-27T13:19:14.150Z	npm warn     @opennextjs/aws@"3.10.4" from @opennextjs/cloudflare@1.19.4
2026-04-27T13:19:14.150Z	npm warn     node_modules/@opennextjs/cloudflare
2026-04-27T13:19:14.150Z	npm warn
2026-04-27T13:19:14.150Z	npm warn Could not resolve dependency:
2026-04-27T13:19:14.151Z	npm warn peer next@">=15.5.15 <16 || >=16.2.3" from @opennextjs/cloudflare@1.19.4
2026-04-27T13:19:14.151Z	npm warn node_modules/@opennextjs/cloudflare
2026-04-27T13:19:14.151Z	npm warn   @opennextjs/cloudflare@"1.19.4" from the root project
2026-04-27T13:19:14.151Z	npm warn
2026-04-27T13:19:14.151Z	npm warn Conflicting peer dependency: next@16.2.4
2026-04-27T13:19:14.151Z	npm warn node_modules/next
2026-04-27T13:19:14.151Z	npm warn   peer next@">=15.5.15 <16 || >=16.2.3" from @opennextjs/cloudflare@1.19.4
2026-04-27T13:19:14.153Z	npm warn   node_modules/@opennextjs/cloudflare
2026-04-27T13:19:14.153Z	npm warn     @opennextjs/cloudflare@"1.19.4" from the root project
2026-04-27T13:19:19.974Z	npm warn deprecated node-domexception@1.0.0: Use your platform's native DOMException instead
2026-04-27T13:19:20.378Z	npm warn deprecated glob@9.3.5: Old versions of glob are not supported, and contain widely publicized security vulnerabilities, which have been fixed in the current version. Please update. Support for old versions may be purchased (at exorbitant rates) by contacting i@izs.me
2026-04-27T13:19:25.105Z	
2026-04-27T13:19:25.105Z	added 309 packages, and audited 602 packages in 15s
2026-04-27T13:19:25.105Z	
2026-04-27T13:19:25.105Z	202 packages are looking for funding
2026-04-27T13:19:25.105Z	  run `npm fund` for details
2026-04-27T13:19:25.170Z	
2026-04-27T13:19:25.171Z	3 vulnerabilities (1 moderate, 2 high)
2026-04-27T13:19:25.173Z	
2026-04-27T13:19:25.174Z	To address all issues (including breaking changes), run:
2026-04-27T13:19:25.174Z	  npm audit fix --force
2026-04-27T13:19:25.174Z	
2026-04-27T13:19:25.174Z	Run `npm audit` for details.
2026-04-27T13:19:25.409Z	npm warn using --force Recommended protections disabled.
2026-04-27T13:19:27.726Z	npm warn ERESOLVE overriding peer dependency
2026-04-27T13:19:27.728Z	npm warn While resolving: @opennextjs/cloudflare@1.19.4
2026-04-27T13:19:27.729Z	npm warn Found: next@14.2.35
2026-04-27T13:19:27.729Z	npm warn node_modules/next
2026-04-27T13:19:27.729Z	npm warn   next@"^14.2.28" from the root project
2026-04-27T13:19:27.729Z	npm warn
2026-04-27T13:19:27.729Z	npm warn Could not resolve dependency:
2026-04-27T13:19:27.729Z	npm warn peer next@">=15.5.15 <16 || >=16.2.3" from @opennextjs/cloudflare@1.19.4
2026-04-27T13:19:27.729Z	npm warn node_modules/@opennextjs/cloudflare
2026-04-27T13:19:27.730Z	npm warn   @opennextjs/cloudflare@"^1.19.4" from the root project
2026-04-27T13:19:27.730Z	npm warn
2026-04-27T13:19:27.730Z	npm warn Conflicting peer dependency: next@16.2.4
2026-04-27T13:19:27.730Z	npm warn node_modules/next
2026-04-27T13:19:27.730Z	npm warn   peer next@">=15.5.15 <16 || >=16.2.3" from @opennextjs/cloudflare@1.19.4
2026-04-27T13:19:27.730Z	npm warn   node_modules/@opennextjs/cloudflare
2026-04-27T13:19:27.730Z	npm warn     @opennextjs/cloudflare@"^1.19.4" from the root project
2026-04-27T13:19:27.732Z	npm warn ERESOLVE overriding peer dependency
2026-04-27T13:19:27.732Z	npm warn While resolving: @opennextjs/aws@3.10.4
2026-04-27T13:19:27.732Z	npm warn Found: next@14.2.35
2026-04-27T13:19:27.732Z	npm warn node_modules/next
2026-04-27T13:19:27.732Z	npm warn   next@"^14.2.28" from the root project
2026-04-27T13:19:27.732Z	npm warn
2026-04-27T13:19:27.733Z	npm warn Could not resolve dependency:
2026-04-27T13:19:27.733Z	npm warn peer next@">=15.5.15 <16 || >=16.2.3" from @opennextjs/aws@3.10.4
2026-04-27T13:19:27.733Z	npm warn node_modules/@opennextjs/cloudflare/node_modules/@opennextjs/aws
2026-04-27T13:19:27.733Z	npm warn   @opennextjs/aws@"3.10.4" from @opennextjs/cloudflare@1.19.4
2026-04-27T13:19:27.733Z	npm warn   node_modules/@opennextjs/cloudflare
2026-04-27T13:19:27.733Z	npm warn
2026-04-27T13:19:27.734Z	npm warn Conflicting peer dependency: next@16.2.4
2026-04-27T13:19:27.734Z	npm warn node_modules/next
2026-04-27T13:19:27.734Z	npm warn   peer next@">=15.5.15 <16 || >=16.2.3" from @opennextjs/aws@3.10.4
2026-04-27T13:19:27.734Z	npm warn   node_modules/@opennextjs/cloudflare/node_modules/@opennextjs/aws
2026-04-27T13:19:27.735Z	npm warn     @opennextjs/aws@"3.10.4" from @opennextjs/cloudflare@1.19.4
2026-04-27T13:19:27.735Z	npm warn     node_modules/@opennextjs/cloudflare
2026-04-27T13:19:29.171Z	
2026-04-27T13:19:29.171Z	added 1 package, and audited 603 packages in 4s
2026-04-27T13:19:29.171Z	
2026-04-27T13:19:29.172Z	202 packages are looking for funding
2026-04-27T13:19:29.172Z	  run `npm fund` for details
2026-04-27T13:19:29.216Z	
2026-04-27T13:19:29.217Z	3 vulnerabilities (1 moderate, 2 high)
2026-04-27T13:19:29.217Z	
2026-04-27T13:19:29.217Z	To address all issues (including breaking changes), run:
2026-04-27T13:19:29.217Z	  npm audit fix --force
2026-04-27T13:19:29.217Z	
2026-04-27T13:19:29.217Z	Run `npm audit` for details.
2026-04-27T13:19:29.256Z	⚙️  Creating wrangler.jsonc...
2026-04-27T13:19:29.257Z	
2026-04-27T13:19:31.676Z	WARN Failed to set up cache for your project.
2026-04-27T13:19:31.676Z	After the migration completes, please manually setup cache in  wrangler.jsonc and open-next.config.ts files (for more details see: https://opennext.js.org/cloudflare/caching).
2026-04-27T13:19:31.676Z	
2026-04-27T13:19:31.676Z	⚙️  Creating open-next.config.ts...
2026-04-27T13:19:31.676Z	
2026-04-27T13:19:31.687Z	⚙️  Creating .dev.vars file...
2026-04-27T13:19:31.687Z	
2026-04-27T13:19:31.688Z	⚙️  Creating public/_headers file...
2026-04-27T13:19:31.688Z	
2026-04-27T13:19:31.688Z	⚙️  Updating package.json scripts...
2026-04-27T13:19:31.689Z	
2026-04-27T13:19:31.689Z	⚙️  Updating .gitignore file...
2026-04-27T13:19:31.689Z	
2026-04-27T13:19:31.689Z	⚙️  Updating Next.js config...
2026-04-27T13:19:31.689Z	
2026-04-27T13:19:31.691Z	⚙️  Checking for edge runtime usage...
2026-04-27T13:19:31.691Z	
2026-04-27T13:19:31.706Z	🎉 OpenNext Cloudflare adapter complete!
2026-04-27T13:19:31.707Z	
2026-04-27T13:19:31.707Z	Next steps:
2026-04-27T13:19:31.707Z	- Run: "npm run preview" to build and preview your Cloudflare application locally
2026-04-27T13:19:31.707Z	- Run: "npm run deploy" to deploy your application to Cloudflare Workers
2026-04-27T13:19:31.707Z	- ⚠️  Setup cache, see https://opennext.js.org/cloudflare/caching for more details
2026-04-27T13:19:31.707Z	
2026-04-27T13:19:31.880Z	├ Adding Wrangler files to the .gitignore file
2026-04-27T13:19:31.886Z	│ updated .gitignore file
2026-04-27T13:19:31.886Z	│
2026-04-27T13:19:31.886Z	[build] Running: npx opennextjs-cloudflare build
2026-04-27T13:19:34.126Z	[build] 
2026-04-27T13:19:34.126Z	[build] ┌─────────────────────────────┐
2026-04-27T13:19:34.126Z	[build] │ OpenNext — Cloudflare build │
2026-04-27T13:19:34.126Z	[build] └─────────────────────────────┘
2026-04-27T13:19:34.126Z	[build] 
2026-04-27T13:19:34.126Z	[build] 
2026-04-27T13:19:34.248Z	[build] App directory: /opt/buildhome/repo
2026-04-27T13:19:34.248Z	[build] 
2026-04-27T13:19:34.248Z	[build] Next.js version : 14.2.35
2026-04-27T13:19:34.248Z	[build] 
2026-04-27T13:19:34.252Z	[build] ERROR Next.js version 14.2.35 is not supported by the Next.js team.
2026-04-27T13:19:34.252Z	[build] Major versions are supported for 2 years from their release date.
2026-04-27T13:19:34.253Z	[build] Unsupported releases may contain unpatched security vulnerabilities.
2026-04-27T13:19:34.253Z	[build] See https://nextjs.org/support-policy for more information.
2026-04-27T13:19:34.253Z	[build] If you want to proceed anyway, use the --dangerouslyUseUnsupportedNextVersion flag.
2026-04-27T13:19:34.253Z	[build] 
2026-04-27T13:19:34.381Z	✘ [ERROR] Error: Command failed with exit code 1: npx opennextjs-cloudflare build
2026-04-27T13:19:34.382Z	
2026-04-27T13:19:34.382Z	  ERROR Next.js version 14.2.35 is not supported by the Next.js team.
2026-04-27T13:19:34.382Z	  Major versions are supported for 2 years from their release date.
2026-04-27T13:19:34.382Z	  Unsupported releases may contain unpatched security vulnerabilities.
2026-04-27T13:19:34.382Z	  See https://nextjs.org/support-policy for more information.
2026-04-27T13:19:34.382Z	  If you want to proceed anyway, use the --dangerouslyUseUnsupportedNextVersion flag.
2026-04-27T13:19:34.382Z	  
2026-04-27T13:19:34.382Z	  ┌─────────────────────────────┐
2026-04-27T13:19:34.382Z	  │ OpenNext — Cloudflare build │
2026-04-27T13:19:34.382Z	  └─────────────────────────────┘
2026-04-27T13:19:34.382Z	  
2026-04-27T13:19:34.382Z	  App directory: /opt/buildhome/repo
2026-04-27T13:19:34.382Z	  Next.js version : 14.2.35
2026-04-27T13:19:34.383Z	      at makeError (/opt/buildhome/.npm/_npx/32026684e21afda6/node_modules/wrangler/wrangler-dist/cli.js:54078:18)
2026-04-27T13:19:34.383Z	      at handlePromise (/opt/buildhome/.npm/_npx/32026684e21afda6/node_modules/wrangler/wrangler-dist/cli.js:54545:29)
2026-04-27T13:19:34.383Z	      at process.processTicksAndRejections (node:internal/process/task_queues:105:5)
2026-04-27T13:19:34.383Z	      at async runCommand (/opt/buildhome/.npm/_npx/32026684e21afda6/node_modules/wrangler/wrangler-dist/cli.js:135768:5)
2026-04-27T13:19:34.383Z	      at async runAutoConfig (/opt/buildhome/.npm/_npx/32026684e21afda6/node_modules/wrangler/wrangler-dist/cli.js:232293:7)
2026-04-27T13:19:34.383Z	      at async Object.handler (/opt/buildhome/.npm/_npx/32026684e21afda6/node_modules/wrangler/wrangler-dist/cli.js:233591:41)
2026-04-27T13:19:34.383Z	      at async /opt/buildhome/.npm/_npx/32026684e21afda6/node_modules/wrangler/wrangler-dist/cli.js:182387:26
2026-04-27T13:19:34.383Z	      at async Object.handler (/opt/buildhome/.npm/_npx/32026684e21afda6/node_modules/wrangler/wrangler-dist/cli.js:182336:7) {
2026-04-27T13:19:34.383Z	    shortMessage: 'Command failed with exit code 1: npx opennextjs-cloudflare build',
2026-04-27T13:19:34.383Z	    command: 'npx opennextjs-cloudflare build',
2026-04-27T13:19:34.383Z	    escapedCommand: 'npx opennextjs-cloudflare build',
2026-04-27T13:19:34.383Z	    exitCode: 1,
2026-04-27T13:19:34.383Z	    signal: undefined,
2026-04-27T13:19:34.384Z	    signalDescription: undefined,
2026-04-27T13:19:34.384Z	    stdout: '\n' +
2026-04-27T13:19:34.384Z	      '┌─────────────────────────────┐\n' +
2026-04-27T13:19:34.384Z	      '│ OpenNext — Cloudflare build │\n' +
2026-04-27T13:19:34.384Z	      '└─────────────────────────────┘\n' +
2026-04-27T13:19:34.384Z	      '\n' +
2026-04-27T13:19:34.384Z	      'App directory: /opt/buildhome/repo\n' +
2026-04-27T13:19:34.388Z	      'Next.js version : 14.2.35',
2026-04-27T13:19:34.389Z	    stderr: 'ERROR Next.js version 14.2.35 is not supported by the Next.js team.\n' +
2026-04-27T13:19:34.392Z	      'Major versions are supported for 2 years from their release date.\n' +
2026-04-27T13:19:34.392Z	      'Unsupported releases may contain unpatched security vulnerabilities.\n' +
2026-04-27T13:19:34.392Z	      'See https://nextjs.org/support-policy for more information.\n' +
2026-04-27T13:19:34.392Z	      'If you want to proceed anyway, use the --dangerouslyUseUnsupportedNextVersion flag.',
2026-04-27T13:19:34.392Z	    failed: true,
2026-04-27T13:19:34.392Z	    timedOut: false,
2026-04-27T13:19:34.392Z	    isCanceled: false,
2026-04-27T13:19:34.392Z	    killed: false
2026-04-27T13:19:34.392Z	  }
2026-04-27T13:19:34.392Z	
2026-04-27T13:19:34.392Z	
2026-04-27T13:19:34.393Z	
2026-04-27T13:19:34.393Z	Cloudflare collects anonymous telemetry about your usage of Wrangler. Learn more at https://github.com/cloudflare/workers-sdk/tree/main/packages/wrangler/telemetry.md
2026-04-27T13:19:34.396Z	
2026-04-27T13:19:34.401Z	✘ [ERROR] Running custom build `npx opennextjs-cloudflare build` failed. There are likely more logs from your build command above.
2026-04-27T13:19:34.401Z	
2026-04-27T13:19:34.401Z	
2026-04-27T13:19:34.424Z	🪵  Logs were written to "/opt/buildhome/.config/.wrangler/logs/wrangler-2026-04-27_13-18-25_039.log"
2026-04-27T13:19:34.484Z	Failed: error occurred while running deploy command